  Vec3.cpp
  Mat4.cpp
c:\users\makki viktor\desktop\vik\tanulmanyok\önálló labor\onlabgame\onlabgame\mat4.h(18): warning C4227: anachronism used: qualifiers on reference are ignored
c:\users\makki viktor\desktop\vik\tanulmanyok\önálló labor\onlabgame\onlabgame\mat4.h(20): warning C4227: anachronism used: qualifiers on reference are ignored
c:\users\makki viktor\desktop\vik\tanulmanyok\önálló labor\onlabgame\onlabgame\mat4.h(22): warning C4227: anachronism used: qualifiers on reference are ignored
c:\users\makki viktor\desktop\vik\tanulmanyok\önálló labor\onlabgame\onlabgame\mat4.h(35): warning C4227: anachronism used: qualifiers on reference are ignored
c:\users\makki viktor\desktop\vik\tanulmanyok\önálló labor\onlabgame\onlabgame\mat4.h(36): warning C4227: anachronism used: qualifiers on reference are ignored
c:\users\makki viktor\desktop\vik\tanulmanyok\önálló labor\onlabgame\onlabgame\mat4.cpp(31): warning C4227: anachronism used: qualifiers on reference are ignored
c:\users\makki viktor\desktop\vik\tanulmanyok\önálló labor\onlabgame\onlabgame\mat4.cpp(44): warning C4227: anachronism used: qualifiers on reference are ignored
c:\users\makki viktor\desktop\vik\tanulmanyok\önálló labor\onlabgame\onlabgame\mat4.cpp(62): warning C4227: anachronism used: qualifiers on reference are ignored
c:\users\makki viktor\desktop\vik\tanulmanyok\önálló labor\onlabgame\onlabgame\mat4.cpp(90): warning C4227: anachronism used: qualifiers on reference are ignored
c:\users\makki viktor\desktop\vik\tanulmanyok\önálló labor\onlabgame\onlabgame\mat4.cpp(108): warning C4227: anachronism used: qualifiers on reference are ignored
  Game.cpp
c:\users\makki viktor\desktop\vik\tanulmanyok\önálló labor\onlabgame\onlabgame\mat4.h(18): warning C4227: anachronism used: qualifiers on reference are ignored
c:\users\makki viktor\desktop\vik\tanulmanyok\önálló labor\onlabgame\onlabgame\mat4.h(20): warning C4227: anachronism used: qualifiers on reference are ignored
c:\users\makki viktor\desktop\vik\tanulmanyok\önálló labor\onlabgame\onlabgame\mat4.h(22): warning C4227: anachronism used: qualifiers on reference are ignored
c:\users\makki viktor\desktop\vik\tanulmanyok\önálló labor\onlabgame\onlabgame\mat4.h(35): warning C4227: anachronism used: qualifiers on reference are ignored
c:\users\makki viktor\desktop\vik\tanulmanyok\önálló labor\onlabgame\onlabgame\mat4.h(36): warning C4227: anachronism used: qualifiers on reference are ignored
c:\users\makki viktor\desktop\vik\tanulmanyok\önálló labor\onlabgame\onlabgame\quaternion.h(17): warning C4227: anachronism used: qualifiers on reference are ignored
c:\users\makki viktor\desktop\vik\tanulmanyok\önálló labor\onlabgame\onlabgame\quaternion.h(19): warning C4227: anachronism used: qualifiers on reference are ignored
c:\users\makki viktor\desktop\vik\tanulmanyok\önálló labor\onlabgame\onlabgame\quaternion.h(22): warning C4227: anachronism used: qualifiers on reference are ignored
c:\users\makki viktor\desktop\vik\tanulmanyok\önálló labor\onlabgame\onlabgame\quaternion.h(24): warning C4227: anachronism used: qualifiers on reference are ignored
c:\users\makki viktor\desktop\vik\tanulmanyok\önálló labor\onlabgame\onlabgame\quaternion.h(25): warning C4227: anachronism used: qualifiers on reference are ignored
  Generating Code...
LINK : fatal error LNK1168: cannot open C:\Users\Makki Viktor\Desktop\VIK\Tanulmanyok\Önálló labor\OnLabGame\Debug\OnLabGame.exe for writing
