c:\users\makki viktor\desktop\vik\tanulmanyok\önálló labor\onlabgame\onlabgame\debug\vc140.pdb
c:\users\makki viktor\desktop\vik\tanulmanyok\önálló labor\onlabgame\onlabgame\debug\vc140.idb
c:\users\makki viktor\desktop\vik\tanulmanyok\önálló labor\onlabgame\onlabgame\debug\main.obj
c:\users\makki viktor\desktop\vik\tanulmanyok\önálló labor\onlabgame\onlabgame\debug\trianglegeometry.obj
c:\users\makki viktor\desktop\vik\tanulmanyok\önálló labor\onlabgame\onlabgame\debug\actor.obj
c:\users\makki viktor\desktop\vik\tanulmanyok\önálló labor\onlabgame\onlabgame\debug\geometry.obj
c:\users\makki viktor\desktop\vik\tanulmanyok\önálló labor\onlabgame\onlabgame\debug\shaderprogram.obj
c:\users\makki viktor\desktop\vik\tanulmanyok\önálló labor\onlabgame\onlabgame\debug\texture.obj
c:\users\makki viktor\desktop\vik\tanulmanyok\önálló labor\onlabgame\onlabgame\debug\material.obj
c:\users\makki viktor\desktop\vik\tanulmanyok\önálló labor\onlabgame\onlabgame\debug\game.obj
c:\users\makki viktor\desktop\vik\tanulmanyok\önálló labor\onlabgame\onlabgame\debug\igameobject.obj
c:\users\makki viktor\desktop\vik\tanulmanyok\önálló labor\onlabgame\onlabgame\debug\gamebehaviour.obj
c:\users\makki viktor\desktop\vik\tanulmanyok\önálló labor\onlabgame\onlabgame\debug\gamewindow.obj
c:\users\makki viktor\desktop\vik\tanulmanyok\önálló labor\onlabgame\onlabgame\debug\vec4.obj
c:\users\makki viktor\desktop\vik\tanulmanyok\önálló labor\onlabgame\onlabgame\debug\mat4.obj
c:\users\makki viktor\desktop\vik\tanulmanyok\önálló labor\onlabgame\onlabgame\debug\quaternion.obj
c:\users\makki viktor\desktop\vik\tanulmanyok\önálló labor\onlabgame\onlabgame\debug\transform.obj
c:\users\makki viktor\desktop\vik\tanulmanyok\önálló labor\onlabgame\onlabgame\debug\vec3.obj
c:\users\makki viktor\desktop\vik\tanulmanyok\önálló labor\onlabgame\onlabgame\debug\camera3d.obj
c:\users\makki viktor\desktop\vik\tanulmanyok\önálló labor\onlabgame\onlabgame\debug\mesh.obj
c:\users\makki viktor\desktop\vik\tanulmanyok\önálló labor\onlabgame\onlabgame\debug\input.obj
c:\users\makki viktor\desktop\vik\tanulmanyok\önálló labor\onlabgame\onlabgame\debug\sun.obj
c:\users\makki viktor\desktop\vik\tanulmanyok\önálló labor\onlabgame\onlabgame\debug\cameraflightcontroller.obj
c:\users\makki viktor\desktop\vik\tanulmanyok\önálló labor\onlabgame\onlabgame\debug\timer.obj
c:\users\makki viktor\desktop\vik\tanulmanyok\önálló labor\onlabgame\debug\onlabgame.ilk
c:\users\makki viktor\desktop\vik\tanulmanyok\önálló labor\onlabgame\debug\onlabgame.exe
c:\users\makki viktor\desktop\vik\tanulmanyok\önálló labor\onlabgame\debug\onlabgame.pdb
c:\users\makki viktor\desktop\vik\tanulmanyok\önálló labor\onlabgame\onlabgame\debug\camera3d.obj.enc
c:\users\makki viktor\desktop\vik\tanulmanyok\önálló labor\onlabgame\onlabgame\debug\main.obj.enc
c:\users\makki viktor\desktop\vik\tanulmanyok\önálló labor\onlabgame\onlabgame\debug\onlabgame.tlog\cl.command.1.tlog
c:\users\makki viktor\desktop\vik\tanulmanyok\önálló labor\onlabgame\onlabgame\debug\onlabgame.tlog\cl.read.1.tlog
c:\users\makki viktor\desktop\vik\tanulmanyok\önálló labor\onlabgame\onlabgame\debug\onlabgame.tlog\cl.write.1.tlog
c:\users\makki viktor\desktop\vik\tanulmanyok\önálló labor\onlabgame\onlabgame\debug\onlabgame.tlog\link.command.1.tlog
c:\users\makki viktor\desktop\vik\tanulmanyok\önálló labor\onlabgame\onlabgame\debug\onlabgame.tlog\link.read.1.tlog
c:\users\makki viktor\desktop\vik\tanulmanyok\önálló labor\onlabgame\onlabgame\debug\onlabgame.tlog\link.write.1.tlog
